SF:lib/src/features/auth/domain/entities/auth_user.dart
DA:14,16
DA:30,0
DA:32,2
DA:33,10
LF:4
LH:3
end_of_record
SF:lib/src/features/auth/data/models/auth_user_model.dart
DA:12,4
DA:19,2
DA:22,2
DA:23,2
DA:24,2
DA:25,2
DA:26,2
DA:38,2
DA:39,2
DA:40,2
DA:41,2
DA:42,2
DA:43,2
DA:47,2
DA:48,10
LF:15
LH:15
end_of_record
SF:lib/src/features/auth/data/data_sources/auth_remote_data_source_firebase.dart
DA:7,1
DA:9,0
DA:13,0
DA:15,0
DA:19,0
DA:23,1
DA:30,2
DA:35,1
DA:36,0
DA:39,2
DA:41,2
DA:45,1
DA:52,2
DA:57,1
DA:58,0
DA:61,2
DA:63,2
DA:67,1
DA:70,2
DA:72,2
LF:20
LH:14
end_of_record
SF:lib/src/features/auth/domain/use_cases/sign_up_use_case.dart
DA:10,1
DA:12,1
DA:14,2
DA:15,2
DA:16,2
DA:19,1
DA:20,0
DA:22,1
DA:31,1
LF:9
LH:8
end_of_record
SF:lib/src/features/auth/domain/value_objects/email.g.dart
DA:13,3
DA:14,9
DA:16,6
DA:17,6
DA:20,0
DA:22,0
DA:24,0
DA:25,0
DA:27,1
DA:30,4
DA:33,0
DA:36,0
DA:37,0
DA:41,0
DA:43,0
DA:44,0
DA:52,9
DA:53,9
DA:55,3
DA:57,3
DA:58,3
DA:60,0
DA:61,0
DA:66,3
DA:68,3
DA:69,3
DA:72,3
DA:74,3
DA:77,0
DA:78,0
DA:80,3
DA:81,3
DA:82,3
DA:83,3
DA:84,3
DA:85,3
LF:36
LH:22
end_of_record
SF:lib/src/features/auth/domain/value_objects/email.dart
DA:8,3
DA:9,3
DA:13,6
DA:14,1
LF:4
LH:4
end_of_record
SF:lib/src/features/auth/domain/value_objects/password.g.dart
DA:13,3
DA:14,9
DA:16,6
DA:17,6
DA:20,0
DA:22,0
DA:24,0
DA:25,0
DA:27,1
DA:30,4
DA:33,0
DA:36,0
DA:37,0
DA:41,0
DA:43,0
DA:44,0
DA:52,9
DA:53,9
DA:55,3
DA:57,3
DA:58,3
DA:60,0
DA:61,0
DA:66,3
DA:68,3
DA:69,3
DA:72,3
DA:74,3
DA:77,0
DA:78,0
DA:80,3
DA:81,3
DA:82,3
DA:83,3
DA:84,3
DA:85,3
LF:36
LH:22
end_of_record
SF:lib/src/features/auth/domain/value_objects/password.dart
DA:8,3
DA:9,9
DA:10,1
DA:13,3
DA:17,6
DA:18,1
LF:6
LH:6
end_of_record
SF:lib/src/features/auth/domain/use_cases/stream_auth_user_use_case.dart
DA:7,1
DA:9,1
DA:11,2
DA:13,1
LF:4
LH:4
end_of_record
SF:lib/src/features/auth/domain/use_cases/sign_in_use_case.dart
DA:9,1
DA:11,1
DA:13,2
DA:14,2
DA:15,2
DA:17,1
DA:18,0
DA:20,1
DA:29,1
LF:9
LH:8
end_of_record
SF:lib/src/features/auth/domain/use_cases/sign_out_use_case.dart
DA:6,1
DA:8,1
DA:10,2
DA:12,1
LF:4
LH:4
end_of_record
SF:lib/src/features/auth/data/data_sources/auth_local_data_source.dart
DA:2,2
DA:6,1
DA:7,2
DA:10,1
DA:11,2
DA:12,1
LF:6
LH:6
end_of_record
SF:lib/src/features/auth/data/repositories/auth_repository_impl.dart
DA:10,1
DA:15,1
DA:17,4
DA:19,2
DA:21,2
DA:24,1
DA:28,1
DA:33,2
DA:38,2
DA:40,1
DA:43,1
DA:48,2
DA:53,2
DA:55,1
DA:58,1
DA:60,2
DA:62,2
LF:17
LH:17
end_of_record
